Base path: D:/Unity_RC4/Editor/Data
Pipe name: \\.\pipe\UnityShaderCompiler-64bit-1-8716
Cmd: getPlatforms
Cmd: preprocess
  insize=435 outsize=435 ok=1
Cmd: preprocess
  insize=1460 outsize=434 ok=1
Cmd: preprocess
  insize=1044 outsize=1034 ok=1
Cmd: preprocess
  insize=2379 outsize=1092 ok=1
Cmd: preprocess
  insize=2237 outsize=975 ok=1
Cmd: preprocess
  insize=1346 outsize=642 ok=1
Cmd: preprocess
  insize=2274 outsize=1036 ok=1
Cmd: preprocess
  insize=1310 outsize=384 ok=1
Cmd: preprocess
  insize=991 outsize=1274 ok=1
Cmd: preprocess
  error: 2 plat 15 at (15): Surface function 'surf' and lighting model 'Standard' have mismatching output types ('SurfaceOutput' vs 'SurfaceOutputStandard')
  insize=1275 outsize=637 ok=0
Cmd: preprocess
  error: 2 plat 15 at (15): Surface function 'surf' and lighting model 'Standard' have mismatching output types ('SurfaceOutput' vs 'SurfaceOutputStandard')
  insize=1275 outsize=637 ok=0
Cmd: preprocess
  insize=1258 outsize=1700 ok=1
Cmd: compileSnippet
  api=4 type=0 insize=7858 outsize=3923 kw=DIRECTIONAL SHADOWS_OFF LIGHTMAP_OFF DIRLIGHTMAP_OFF DYNAMICLIGHTMAP_OFF ok=1
Cmd: compileSnippet
  api=4 type=1 insize=7858 outsize=3273 kw=DIRECTIONAL SHADOWS_OFF LIGHTMAP_OFF DIRLIGHTMAP_OFF DYNAMICLIGHTMAP_OFF ok=1
Cmd: compileSnippet
  api=4 type=0 insize=4358 outsize=2737 kw=POINT ok=1
Cmd: compileSnippet
  api=4 type=1 insize=4358 outsize=2785 kw=POINT ok=1
Cmd: compileSnippet
  api=4 type=0 insize=3430 outsize=2517 kw= ok=1
Cmd: compileSnippet
  api=4 type=1 insize=3430 outsize=722 kw= ok=1
Cmd: compileSnippet
  api=4 type=0 insize=7199 outsize=4687 kw=LIGHTMAP_OFF DIRLIGHTMAP_OFF DYNAMICLIGHTMAP_OFF HDR_LIGHT_PREPASS_OFF ok=1
Cmd: compileSnippet
  api=4 type=1 insize=7199 outsize=2403 kw=LIGHTMAP_OFF DIRLIGHTMAP_OFF DYNAMICLIGHTMAP_OFF HDR_LIGHT_PREPASS_OFF ok=1
Cmd: compileSnippet
  api=4 type=0 insize=6864 outsize=4037 kw=LIGHTMAP_OFF DIRLIGHTMAP_OFF DYNAMICLIGHTMAP_OFF HDR_LIGHT_PREPASS_OFF ok=1
Cmd: compileSnippet
  api=4 type=1 insize=6864 outsize=2867 kw=LIGHTMAP_OFF DIRLIGHTMAP_OFF DYNAMICLIGHTMAP_OFF HDR_LIGHT_PREPASS_OFF ok=1
Cmd: compileSnippet
  api=4 type=0 insize=4062 outsize=3890 kw= ok=1
Cmd: compileSnippet
  api=4 type=1 insize=4062 outsize=3127 kw= ok=1
Cmd: preprocess
  insize=1258 outsize=1700 ok=1
Cmd: preprocess
  insize=1260 outsize=1700 ok=1
Cmd: compileSnippet
  api=4 type=0 insize=7564 outsize=3492 kw=DIRECTIONAL SHADOWS_OFF LIGHTMAP_OFF DIRLIGHTMAP_OFF DYNAMICLIGHTMAP_OFF ok=1
Cmd: compileSnippet
  api=4 type=1 insize=7564 outsize=2607 kw=DIRECTIONAL SHADOWS_OFF LIGHTMAP_OFF DIRLIGHTMAP_OFF DYNAMICLIGHTMAP_OFF ok=1
Cmd: compileSnippet
  api=4 type=0 insize=4359 outsize=2737 kw=POINT ok=1
Cmd: compileSnippet
  api=4 type=1 insize=4359 outsize=2785 kw=POINT ok=1
Cmd: compileSnippet
  api=4 type=0 insize=3431 outsize=2517 kw= ok=1
Cmd: compileSnippet
  api=4 type=1 insize=3431 outsize=722 kw= ok=1
Cmd: compileSnippet
  api=4 type=0 insize=6604 outsize=4061 kw=LIGHTMAP_OFF DIRLIGHTMAP_OFF DYNAMICLIGHTMAP_OFF HDR_LIGHT_PREPASS_OFF ok=1
Cmd: compileSnippet
  api=4 type=1 insize=6604 outsize=1493 kw=LIGHTMAP_OFF DIRLIGHTMAP_OFF DYNAMICLIGHTMAP_OFF HDR_LIGHT_PREPASS_OFF ok=1
Cmd: compileSnippet
  api=4 type=0 insize=6682 outsize=3492 kw=LIGHTMAP_OFF DIRLIGHTMAP_OFF DYNAMICLIGHTMAP_OFF HDR_LIGHT_PREPASS_OFF ok=1
Cmd: compileSnippet
  api=4 type=1 insize=6682 outsize=2030 kw=LIGHTMAP_OFF DIRLIGHTMAP_OFF DYNAMICLIGHTMAP_OFF HDR_LIGHT_PREPASS_OFF ok=1
Cmd: compileSnippet
  api=4 type=0 insize=3622 outsize=2468 kw= ok=1
Cmd: compileSnippet
  api=4 type=1 insize=3622 outsize=1298 kw= ok=1
Cmd: preprocess
  insize=1223 outsize=1701 ok=1
Cmd: compileSnippet
  api=4 type=0 insize=7614 outsize=3492 kw=DIRECTIONAL SHADOWS_OFF LIGHTMAP_OFF DIRLIGHTMAP_OFF DYNAMICLIGHTMAP_OFF ok=1
Cmd: compileSnippet
  api=4 type=1 insize=7614 outsize=3013 kw=DIRECTIONAL SHADOWS_OFF LIGHTMAP_OFF DIRLIGHTMAP_OFF DYNAMICLIGHTMAP_OFF ok=1
Cmd: compileSnippet
  api=4 type=0 insize=4323 outsize=2737 kw=POINT ok=1
Cmd: compileSnippet
  api=4 type=1 insize=4323 outsize=2785 kw=POINT ok=1
Cmd: compileSnippet
  api=4 type=0 insize=3395 outsize=2517 kw= ok=1
Cmd: compileSnippet
  api=4 type=1 insize=3395 outsize=722 kw= ok=1
Cmd: compileSnippet
  api=4 type=0 insize=6985 outsize=4362 kw=LIGHTMAP_OFF DIRLIGHTMAP_OFF DYNAMICLIGHTMAP_OFF HDR_LIGHT_PREPASS_OFF ok=1
Cmd: compileSnippet
  api=4 type=1 insize=6985 outsize=2143 kw=LIGHTMAP_OFF DIRLIGHTMAP_OFF DYNAMICLIGHTMAP_OFF HDR_LIGHT_PREPASS_OFF ok=1
Cmd: compileSnippet
  api=4 type=0 insize=6651 outsize=3712 kw=LIGHTMAP_OFF DIRLIGHTMAP_OFF DYNAMICLIGHTMAP_OFF HDR_LIGHT_PREPASS_OFF ok=1
Cmd: compileSnippet
  api=4 type=1 insize=6651 outsize=2607 kw=LIGHTMAP_OFF DIRLIGHTMAP_OFF DYNAMICLIGHTMAP_OFF HDR_LIGHT_PREPASS_OFF ok=1
Cmd: compileSnippet
  api=4 type=0 insize=3849 outsize=3419 kw= ok=1
Cmd: compileSnippet
  api=4 type=1 insize=3849 outsize=2769 kw= ok=1
Cmd: compileSnippet
  api=5 type=0 insize=7614 outsize=6376 kw=DIRECTIONAL SHADOWS_OFF LIGHTMAP_OFF DIRLIGHTMAP_OFF DYNAMICLIGHTMAP_OFF VERTEXLIGHT_ON ok=1
Cmd: compileSnippet
  api=5 type=0 insize=7614 outsize=5680 kw=DIRECTIONAL SHADOWS_SCREEN SHADOWS_NATIVE LIGHTMAP_OFF DIRLIGHTMAP_OFF DYNAMICLIGHTMAP_OFF ok=1
Cmd: compileSnippet
  api=5 type=1 insize=7614 outsize=6 kw=DIRECTIONAL SHADOWS_SCREEN LIGHTMAP_OFF DIRLIGHTMAP_OFF DYNAMICLIGHTMAP_OFF ok=1
Cmd: compileSnippet
  api=9 type=0 insize=4323 outsize=3284 kw=DIRECTIONAL ok=1
Cmd: compileSnippet
  api=9 type=0 insize=4323 outsize=4121 kw=SPOT ok=1
Cmd: compileSnippet
  api=5 type=1 insize=4323 outsize=6 kw=POINT ok=1
Cmd: compileSnippet
  api=5 type=1 insize=4323 outsize=6 kw=POINT_COOKIE ok=1
Cmd: compileSnippet
  api=5 type=1 insize=3395 outsize=6 kw= ok=1
Cmd: compileSnippet
  api=5 type=0 insize=6985 outsize=5849 kw=LIGHTMAP_OFF DIRLIGHTMAP_OFF DYNAMICLIGHTMAP_OFF UNITY_HDR_ON ok=1
Cmd: compileSnippet
  api=9 type=1 insize=6985 outsize=7 kw=LIGHTMAP_OFF DIRLIGHTMAP_OFF DYNAMICLIGHTMAP_OFF UNITY_HDR_ON ok=1
Cmd: compileSnippet
  api=5 type=0 insize=6651 outsize=4782 kw=LIGHTMAP_OFF DIRLIGHTMAP_OFF DYNAMICLIGHTMAP_OFF HDR_LIGHT_PREPASS_OFF ok=1
Cmd: compileSnippet
  api=5 type=1 insize=6651 outsize=6 kw=LIGHTMAP_OFF DIRLIGHTMAP_OFF DYNAMICLIGHTMAP_OFF HDR_LIGHT_PREPASS_OFF ok=1
